# JRE version: Java(TM) SE Runtime Environment (8.0_05-b13) (build 1.8.0_05-b13)
# Java VM: Java HotSpot(TM) 64-Bit Server VM (25.5-b02 mixed mode linux-amd64 compressed oops)
Heap:
 PSYoungGen      total 458752K, used 259531K [0x00000000e0000000, 0x0000000100000000, 0x0000000100000000)
  eden space 393216K, 66% used [0x00000000e0000000,0x00000000efd72cf0,0x00000000f8000000)
  from space 65536K, 0% used [0x00000000f8000000,0x00000000f8000000,0x00000000fc000000)
  to   space 65536K, 0% used [0x00000000fc000000,0x00000000fc000000,0x0000000100000000)
 ParOldGen       total 1048576K, used 16129K [0x00000000a0000000, 0x00000000e0000000, 0x00000000e0000000)
  object space 1048576K, 1% used [0x00000000a0000000,0x00000000a0fc0608,0x00000000e0000000)
 Metaspace       used 31120K, capacity 31422K, committed 31488K, reserved 1075200K
  class space    used 6314K, capacity 6396K, committed 6400K, reserved 1048576K
GC Heap History (4 events):
Event: 1.446 GC heap before
{Heap before GC invocations=1 (full 0):
 PSYoungGen      total 458752K, used 117966K [0x00000000e0000000, 0x0000000100000000, 0x0000000100000000)
  eden space 393216K, 30% used [0x00000000e0000000,0x00000000e7333978,0x00000000f8000000)
  from space 65536K, 0% used [0x00000000fc000000,0x00000000fc000000,0x0000000100000000)
  to   space 65536K, 0% used [0x00000000f8000000,0x00000000f8000000,0x00000000fc000000)
 ParOldGen       total 1048576K, used 0K [0x00000000a0000000, 0x00000000e0000000, 0x00000000e0000000)
  object space 1048576K, 0% used [0x00000000a0000000,0x00000000a0000000,0x00000000e0000000)
 Metaspace       used 20947K, capacity 21084K, committed 21248K, reserved 1067008K
  class space    used 3681K, capacity 3742K, committed 3840K, reserved 1048576K
Event: 1.476 GC heap after
Heap after GC invocations=1 (full 0):
 PSYoungGen      total 458752K, used 17026K [0x00000000e0000000, 0x0000000100000000, 0x0000000100000000)
  eden space 393216K, 0% used [0x00000000e0000000,0x00000000e0000000,0x00000000f8000000)
  from space 65536K, 25% used [0x00000000f8000000,0x00000000f90a0a68,0x00000000fc000000)
  to   space 65536K, 0% used [0x00000000fc000000,0x00000000fc000000,0x0000000100000000)
 ParOldGen       total 1048576K, used 16K [0x00000000a0000000, 0x00000000e0000000, 0x00000000e0000000)
  object space 1048576K, 0% used [0x00000000a0000000,0x00000000a0004000,0x00000000e0000000)
 Metaspace       used 20947K, capacity 21084K, committed 21248K, reserved 1067008K
  class space    used 3681K, capacity 3742K, committed 3840K, reserved 1048576K
}
Event: 1.477 GC heap before
{Heap before GC invocations=2 (full 1):
 PSYoungGen      total 458752K, used 17026K [0x00000000e0000000, 0x0000000100000000, 0x0000000100000000)
  eden space 393216K, 0% used [0x00000000e0000000,0x00000000e0000000,0x00000000f8000000)
  from space 65536K, 25% used [0x00000000f8000000,0x00000000f90a0a68,0x00000000fc000000)
  to   space 65536K, 0% used [0x00000000fc000000,0x00000000fc000000,0x0000000100000000)
 ParOldGen       total 1048576K, used 16K [0x00000000a0000000, 0x00000000e0000000, 0x00000000e0000000)
  object space 1048576K, 0% used [0x00000000a0000000,0x00000000a0004000,0x00000000e0000000)
 Metaspace       used 20947K, capacity 21084K, committed 21248K, reserved 1067008K
  class space    used 3681K, capacity 3742K, committed 3840K, reserved 1048576K
Event: 1.521 GC heap after
Heap after GC invocations=2 (full 1):
 PSYoungGen      total 458752K, used 0K [0x00000000e0000000, 0x0000000100000000, 0x0000000100000000)
  eden space 393216K, 0% used [0x00000000e0000000,0x00000000e0000000,0x00000000f8000000)
  from space 65536K, 0% used [0x00000000f8000000,0x00000000f8000000,0x00000000fc000000)
  to   space 65536K, 0% used [0x00000000fc000000,0x00000000fc000000,0x0000000100000000)
 ParOldGen       total 1048576K, used 16129K [0x00000000a0000000, 0x00000000e0000000, 0x00000000e0000000)
  object space 1048576K, 1% used [0x00000000a0000000,0x00000000a0fc0608,0x00000000e0000000)
 Metaspace       used 20947K, capacity 21084K, committed 21248K, reserved 1067008K
  class space    used 3681K, capacity 3742K, committed 3840K, reserved 1048576K
}

